<?xml version="1.0" encoding="UTF-8"?>
<!-- Generated by org.testng.reporters.JUnitReportReporter -->
<testsuite hostname="Rubini" name="org.uiautomation.TestNGSamples.TestNGTest_2" tests="4" failures="0" timestamp="18 May 2016 06:09:39 GMT" time="0.074" errors="0">
  <testcase name="linuxTestC" time="0.065" classname="org.uiautomation.TestNGSamples.TestNGTest_2"/>
  <testcase name="linuxTestD" time="0.004" classname="org.uiautomation.TestNGSamples.TestNGTest_2"/>
  <testcase name="windowsTestB" time="0.003" classname="org.uiautomation.TestNGSamples.TestNGTest_2"/>
  <testcase name="windowsTestA" time="0.002" classname="org.uiautomation.TestNGSamples.TestNGTest_2"/>
</testsuite> <!-- org.uiautomation.TestNGSamples.TestNGTest_2 -->
